<?xml version="1.0" encoding="UTF-8"?>
<!-- Generated by org.testng.reporters.JUnitReportReporter -->
<testsuite hostname="LAPTOP-EC7C3FLA" failures="0" tests="1" name="scenarios.AutoSuggestSearch" time="10.904" errors="0" timestamp="2024-10-04T16:17:47 CEST" skipped="0">
  <testcase classname="scenarios.AutoSuggestSearch" name="autoSuggestSearch" time="10.904"/>
  <system-out/>
</testsuite> <!-- scenarios.AutoSuggestSearch -->
