<?xml version="1.0" encoding="UTF-8"?>
<!-- Generated by org.testng.reporters.JUnitReportReporter -->
<testsuite hostname="LAPTOP-EC7C3FLA" failures="0" tests="2" name="scenarios.SelectMultiple" time="23.324" errors="0" timestamp="2024-10-04T14:02:03 CEST" skipped="0">
  <testcase classname="scenarios.SelectMultiple" name="selectMultipleItems" time="11.105"/>
  <system-out/>
  <testcase classname="scenarios.SelectMultiple" name="selectSingleItem" time="12.219"/>
  <system-out/>
</testsuite> <!-- scenarios.SelectMultiple -->
