<?xml version="1.0" encoding="UTF-8"?>
<!-- Generated by org.testng.reporters.JUnitReportReporter -->
<testsuite hostname="LAPTOP-EC7C3FLA" failures="0" tests="1" name="scenarios.Checkboxes" time="9.849" errors="0" timestamp="2024-10-04T14:05:32 CEST" skipped="0">
  <testcase classname="scenarios.Checkboxes" name="multipleCheckboxes" time="9.849"/>
  <system-out/>
</testsuite> <!-- scenarios.Checkboxes -->
