<?xml version="1.0" encoding="UTF-8"?>
<!-- Generated by org.testng.reporters.JUnitReportReporter -->
<testsuite hostname="LAPTOP-EC7C3FLA" failures="0" tests="2" name="scenarios.HiddenDisplayedElement" time="19.329" errors="0" timestamp="2024-10-05T14:17:20 CEST" skipped="0">
  <testcase classname="scenarios.HiddenDisplayedElement" name="hiddenElement" time="9.973"/>
  <system-out/>
  <testcase classname="scenarios.HiddenDisplayedElement" name="showElement" time="9.356"/>
  <system-out/>
</testsuite> <!-- scenarios.HiddenDisplayedElement -->
