<?xml version="1.0" encoding="UTF-8"?>
<!-- Generated by org.testng.reporters.JUnitReportReporter -->
<testsuite hostname="LAPTOP-EC7C3FLA" failures="0" tests="2" name="scenarios.EnabledDisabled" time="19.322" errors="0" timestamp="2024-10-05T14:05:55 CEST" skipped="0">
  <testcase classname="scenarios.EnabledDisabled" name="checkEnabled" time="11.126"/>
  <system-out/>
  <testcase classname="scenarios.EnabledDisabled" name="checkDisabled" time="8.196"/>
  <system-out/>
</testsuite> <!-- scenarios.EnabledDisabled -->
