<?xml version="1.0" encoding="UTF-8"?>
<!-- Generated by org.testng.reporters.JUnitReportReporter -->
<testsuite hostname="LAPTOP-EC7C3FLA" failures="0" tests="1" name="scenarios.SwitchingWindows" time="7.847" errors="0" timestamp="2024-10-03T22:37:47 CEST" skipped="0">
  <testcase classname="scenarios.SwitchingWindows" name="switchWin" time="7.847"/>
  <system-out/>
</testsuite> <!-- scenarios.SwitchingWindows -->
