<?xml version="1.0" encoding="UTF-8"?>
<!-- Generated by org.testng.reporters.JUnitReportReporter -->
<testsuite hostname="LAPTOP-EC7C3FLA" failures="0" tests="1" name="scenarios.SelectMultiple" time="9.560" errors="0" timestamp="2024-10-04T13:41:46 CEST" skipped="0">
  <testcase classname="scenarios.SelectMultiple" name="selectMultipleItems" time="9.560"/>
</testsuite> <!-- scenarios.SelectMultiple -->
