<?xml version="1.0" encoding="UTF-8"?>
<!-- Generated by org.testng.reporters.JUnitReportReporter -->
<testsuite hostname="LAPTOP-EC7C3FLA" failures="0" tests="2" name="scenarios.SelectMultiple" time="19.792" errors="0" timestamp="2024-10-04T16:20:56 CEST" skipped="0">
  <testcase classname="scenarios.SelectMultiple" name="selectMultipleItems" time="9.779"/>
  <testcase classname="scenarios.SelectMultiple" name="selectSingleItem" time="10.013"/>
</testsuite> <!-- scenarios.SelectMultiple -->
