<?xml version="1.0" encoding="UTF-8"?>
<!-- Generated by org.testng.reporters.JUnitReportReporter -->
<testsuite hostname="LAPTOP-EC7C3FLA" failures="0" tests="2" name="scenarios.SwitchingWindows" time="22.422" errors="0" timestamp="2024-10-04T16:20:56 CEST" skipped="0">
  <testcase classname="scenarios.SwitchingWindows" name="switchWin" time="12.469"/>
  <testcase classname="scenarios.SwitchingWindows" name="switchTab" time="9.953"/>
</testsuite> <!-- scenarios.SwitchingWindows -->
