<?xml version="1.0" encoding="UTF-8"?>
<!-- Generated by org.testng.reporters.JUnitReportReporter -->
<testsuite hostname="LAPTOP-EC7C3FLA" failures="0" tests="1" name="scenarios.RadioButtons" time="9.178" errors="0" timestamp="2024-10-04T13:41:46 CEST" skipped="0">
  <testcase classname="scenarios.RadioButtons" name="selectRdButtons" time="9.178"/>
</testsuite> <!-- scenarios.RadioButtons -->
