<?xml version="1.0" encoding="UTF-8"?>
<!-- Generated by org.testng.reporters.JUnitReportReporter -->
<testsuite hostname="LAPTOP-EC7C3FLA" failures="0" tests="1" name="scenarios.SwitchingWindows" time="10.255" errors="0" timestamp="2024-10-04T13:09:41 CEST" skipped="0">
  <testcase classname="scenarios.SwitchingWindows" name="switchWin" time="10.255"/>
</testsuite> <!-- scenarios.SwitchingWindows -->
